<?xml version="1.0" encoding="UTF-8"?>
<testsuite xmlns:xsi="http://www.w3.org/2001/XMLSchema-instance" xsi:noNamespaceSchemaLocation="https://maven.apache.org/surefire/maven-surefire-plugin/xsd/surefire-test-report.xsd" name="TestsAxel" time="0.06" tests="20" errors="0" skipped="0" failures="0">
  <properties>
[...]
</properties>
  <testcase name="nullTest" classname="TestsAxel" time="0.025"/>
  <testcase name="deleteDuplicateTest" classname="TestsAxel" time="0.002"/>
  <testcase name="insertAtStartTest" classname="TestsAxel" time="0.002"/>
  <testcase name="onlyOneOcurrenceAtStartTest" classname="TestsAxel" time="0.001"/>
  <testcase name="moreThanOneOcurrenceAtStartTest" classname="TestsAxel" time="0.001"/>
  <testcase name="noOccurrencesTest" classname="TestsAxel" time="0.001"/>
  <testcase name="onlyOneOcurrenceAtEndTest" classname="TestsAxel" time="0.001"/>
  <testcase name="onlyOneOcurrenceMiddleTest" classname="TestsAxel" time="0.001"/>
  <testcase name="insertAtEndTest" classname="TestsAxel" time="0.001"/>
  <testcase name="insertInitialTest" classname="TestsAxel" time="0.001"/>
  <testcase name="insertMiddleTest" classname="TestsAxel" time="0.001"/>
  <testcase name="claseTest" classname="TestsAxel" time="0.001"/>
  <testcase name="deleteAtStartTest" classname="TestsAxel" time="0.001"/>
  <testcase name="moreThanOneOcurrenceAtEndTest" classname="TestsAxel" time="0.001"/>
  <testcase name="deleteInexistentTest" classname="TestsAxel" time="0.001"/>
  <testcase name="insertDuplicateTest" classname="TestsAxel" time="0"/>
  <testcase name="insertNewTest" classname="TestsAxel" time="0.001"/>
  <testcase name="moreThanOneOcurrenceMiddleTest" classname="TestsAxel" time="0.001"/>
  <testcase name="deleteAtEndTest" classname="TestsAxel" time="0.001"/>
  <testcase name="deleteMiddleTest" classname="TestsAxel" time="0.001"/>
</testsuite>