<?xml version="1.0" encoding="UTF-8"?>
<testsuite xmlns:xsi="http://www.w3.org/2001/XMLSchema-instance" xsi:noNamespaceSchemaLocation="https://maven.apache.org/surefire/maven-surefire-plugin/xsd/surefire-test-report.xsd" name="Tests" time="0.05" tests="5" errors="0" skipped="0" failures="3">
  <properties>
[...]
</properties>
  <testcase name="testOccurrences" classname="Tests" time="0.026"/>
  <testcase name="testInitialize" classname="Tests" time="0.001"/>
  <testcase name="testDelete" classname="Tests" time="0.009">
    <failure message="expected: &lt;11&gt; but was: &lt;12&gt;" type="org.opentest4j.AssertionFailedError"><![CDATA[org.opentest4j.AssertionFailedError: expected: <11> but was: <12>
	at Tests.testDelete(Tests.java:75)
]]></failure>
  </testcase>
  <testcase name="testInsert" classname="Tests" time="0">
    <failure message="expected: &lt;true&gt; but was: &lt;false&gt;" type="org.opentest4j.AssertionFailedError"><![CDATA[org.opentest4j.AssertionFailedError: expected: <true> but was: <false>
	at Tests.testInsert(Tests.java:61)
]]></failure>
  </testcase>
  <testcase name="testSearch" classname="Tests" time="0.001">
    <failure message="expected: &lt;true&gt; but was: &lt;false&gt;" type="org.opentest4j.AssertionFailedError"><![CDATA[org.opentest4j.AssertionFailedError: expected: <true> but was: <false>
	at Tests.testSearch(Tests.java:87)
]]></failure>
  </testcase>
</testsuite>